CRITICAL - 2022-12-24 01:59:55 --> Using $this when not in object context
in FCPATH\theme\frontend\modern\index.php on line 1.
 1 FCPATH\application\vendor\illuminate\filesystem\Filesystem.php(107): require()
 2 FCPATH\application\vendor\illuminate\filesystem\Filesystem.php(108): Illuminate\Filesystem\Filesystem::Illuminate\Filesystem\{closure}()
 3 FCPATH\application\vendor\illuminate\view\Engines\PhpEngine.php(58): Illuminate\Filesystem\Filesystem->getRequire('FCPATH\\theme\\frontend\\modern\\index.php', [...])
 4 FCPATH\application\vendor\illuminate\view\Engines\PhpEngine.php(38): Illuminate\View\Engines\PhpEngine->evaluatePath('FCPATH\\theme\\frontend\\modern\\index.php', [...])
 5 FCPATH\application\vendor\illuminate\view\View.php(139): Illuminate\View\Engines\PhpEngine->get('FCPATH\\theme\\frontend\\modern\\index.php', [...])
 6 FCPATH\application\vendor\illuminate\view\View.php(122): Illuminate\View\View->getContents()
 7 FCPATH\application\vendor\illuminate\view\View.php(91): Illuminate\View\View->renderContents()
 8 APPPATH\Libraries\Template.php(23): Illuminate\View\View->render()
 9 APPPATH\Controllers\FrontEndController.php(31): App\Libraries\Template->render('index', [...], 'FCPATH\\theme\\frontend\\modern')
10 APPPATH\Controllers\Web.php(12): App\Controllers\FrontEndController->render('index', [...])
11 SYSTEMPATH\CodeIgniter.php(925): App\Controllers\Web->index()
12 SYSTEMPATH\CodeIgniter.php(480): CodeIgniter\CodeIgniter->runController(Object(App\Controllers\Web))
13 SYSTEMPATH\CodeIgniter.php(349): CodeIgniter\CodeIgniter->handleRequest(null, Object(Config\Cache), false)
14 FCPATH\index.php(66): CodeIgniter\CodeIgniter->run()
15 SYSTEMPATH\Commands\Server\rewrite.php(47): require_once('FCPATH\\index.php')
CRITICAL - 2022-12-24 01:59:59 --> Using $this when not in object context
in FCPATH\theme\frontend\modern\index.php on line 1.
 1 FCPATH\application\vendor\illuminate\filesystem\Filesystem.php(107): require()
 2 FCPATH\application\vendor\illuminate\filesystem\Filesystem.php(108): Illuminate\Filesystem\Filesystem::Illuminate\Filesystem\{closure}()
 3 FCPATH\application\vendor\illuminate\view\Engines\PhpEngine.php(58): Illuminate\Filesystem\Filesystem->getRequire('FCPATH\\theme\\frontend\\modern\\index.php', [...])
 4 FCPATH\application\vendor\illuminate\view\Engines\PhpEngine.php(38): Illuminate\View\Engines\PhpEngine->evaluatePath('FCPATH\\theme\\frontend\\modern\\index.php', [...])
 5 FCPATH\application\vendor\illuminate\view\View.php(139): Illuminate\View\Engines\PhpEngine->get('FCPATH\\theme\\frontend\\modern\\index.php', [...])
 6 FCPATH\application\vendor\illuminate\view\View.php(122): Illuminate\View\View->getContents()
 7 FCPATH\application\vendor\illuminate\view\View.php(91): Illuminate\View\View->renderContents()
 8 APPPATH\Libraries\Template.php(23): Illuminate\View\View->render()
 9 APPPATH\Controllers\FrontEndController.php(31): App\Libraries\Template->render('index', [...], 'FCPATH\\theme\\frontend\\modern')
10 APPPATH\Controllers\Web.php(12): App\Controllers\FrontEndController->render('index', [...])
11 SYSTEMPATH\CodeIgniter.php(925): App\Controllers\Web->index()
12 SYSTEMPATH\CodeIgniter.php(480): CodeIgniter\CodeIgniter->runController(Object(App\Controllers\Web))
13 SYSTEMPATH\CodeIgniter.php(349): CodeIgniter\CodeIgniter->handleRequest(null, Object(Config\Cache), false)
14 FCPATH\index.php(66): CodeIgniter\CodeIgniter->run()
15 SYSTEMPATH\Commands\Server\rewrite.php(47): require_once('FCPATH\\index.php')
CRITICAL - 2022-12-24 02:04:29 --> Using $this when not in object context (View: E:\htdocs\project\brycms\brycms\theme\frontend\modern\index.blade.php)
in FCPATH\theme\frontend\modern\_layout\app.php on line 16.
 1 FCPATH\application\vendor\illuminate\view\Engines\PhpEngine.php(60): Illuminate\View\Engines\CompilerEngine->handleViewException(Object(Error), 2)
 2 FCPATH\application\vendor\illuminate\view\Engines\CompilerEngine.php(61): Illuminate\View\Engines\PhpEngine->evaluatePath('FCPATH\\theme\\frontend\\modern\\cache\\15ae8acd385ae9430d898fc8033302f088673f1e.php', [...])
 3 FCPATH\application\vendor\illuminate\view\View.php(139): Illuminate\View\Engines\CompilerEngine->get('FCPATH\\theme\\frontend\\modern\\index.blade.php', [...])
 4 FCPATH\application\vendor\illuminate\view\View.php(122): Illuminate\View\View->getContents()
 5 FCPATH\application\vendor\illuminate\view\View.php(91): Illuminate\View\View->renderContents()
 6 APPPATH\Libraries\Template.php(23): Illuminate\View\View->render()
 7 APPPATH\Controllers\FrontEndController.php(28): App\Libraries\Template->render('index', [...], 'FCPATH\\theme\\frontend\\modern')
 8 APPPATH\Controllers\Web.php(12): App\Controllers\FrontEndController->render('index', [...])
 9 SYSTEMPATH\CodeIgniter.php(925): App\Controllers\Web->index()
10 SYSTEMPATH\CodeIgniter.php(480): CodeIgniter\CodeIgniter->runController(Object(App\Controllers\Web))
11 SYSTEMPATH\CodeIgniter.php(349): CodeIgniter\CodeIgniter->handleRequest(null, Object(Config\Cache), false)
12 FCPATH\index.php(66): CodeIgniter\CodeIgniter->run()
13 SYSTEMPATH\Commands\Server\rewrite.php(47): require_once('FCPATH\\index.php')
CRITICAL - 2022-12-24 02:04:36 --> Using $this when not in object context (View: E:\htdocs\project\brycms\brycms\theme\frontend\modern\index.blade.php)
in FCPATH\theme\frontend\modern\_layout\app.php on line 16.
 1 FCPATH\application\vendor\illuminate\view\Engines\PhpEngine.php(60): Illuminate\View\Engines\CompilerEngine->handleViewException(Object(Error), 2)
 2 FCPATH\application\vendor\illuminate\view\Engines\CompilerEngine.php(61): Illuminate\View\Engines\PhpEngine->evaluatePath('FCPATH\\theme\\frontend\\modern\\cache\\15ae8acd385ae9430d898fc8033302f088673f1e.php', [...])
 3 FCPATH\application\vendor\illuminate\view\View.php(139): Illuminate\View\Engines\CompilerEngine->get('FCPATH\\theme\\frontend\\modern\\index.blade.php', [...])
 4 FCPATH\application\vendor\illuminate\view\View.php(122): Illuminate\View\View->getContents()
 5 FCPATH\application\vendor\illuminate\view\View.php(91): Illuminate\View\View->renderContents()
 6 APPPATH\Libraries\Template.php(23): Illuminate\View\View->render()
 7 APPPATH\Controllers\FrontEndController.php(28): App\Libraries\Template->render('index', [...], 'FCPATH\\theme\\frontend\\modern')
 8 APPPATH\Controllers\Web.php(12): App\Controllers\FrontEndController->render('index', [...])
 9 SYSTEMPATH\CodeIgniter.php(925): App\Controllers\Web->index()
10 SYSTEMPATH\CodeIgniter.php(480): CodeIgniter\CodeIgniter->runController(Object(App\Controllers\Web))
11 SYSTEMPATH\CodeIgniter.php(349): CodeIgniter\CodeIgniter->handleRequest(null, Object(Config\Cache), false)
12 FCPATH\index.php(66): CodeIgniter\CodeIgniter->run()
13 SYSTEMPATH\Commands\Server\rewrite.php(47): require_once('FCPATH\\index.php')
CRITICAL - 2022-12-24 02:04:37 --> Using $this when not in object context (View: E:\htdocs\project\brycms\brycms\theme\frontend\modern\index.blade.php)
in FCPATH\theme\frontend\modern\_layout\app.php on line 16.
 1 FCPATH\application\vendor\illuminate\view\Engines\PhpEngine.php(60): Illuminate\View\Engines\CompilerEngine->handleViewException(Object(Error), 2)
 2 FCPATH\application\vendor\illuminate\view\Engines\CompilerEngine.php(61): Illuminate\View\Engines\PhpEngine->evaluatePath('FCPATH\\theme\\frontend\\modern\\cache\\15ae8acd385ae9430d898fc8033302f088673f1e.php', [...])
 3 FCPATH\application\vendor\illuminate\view\View.php(139): Illuminate\View\Engines\CompilerEngine->get('FCPATH\\theme\\frontend\\modern\\index.blade.php', [...])
 4 FCPATH\application\vendor\illuminate\view\View.php(122): Illuminate\View\View->getContents()
 5 FCPATH\application\vendor\illuminate\view\View.php(91): Illuminate\View\View->renderContents()
 6 APPPATH\Libraries\Template.php(23): Illuminate\View\View->render()
 7 APPPATH\Controllers\FrontEndController.php(28): App\Libraries\Template->render('index', [...], 'FCPATH\\theme\\frontend\\modern')
 8 APPPATH\Controllers\Web.php(12): App\Controllers\FrontEndController->render('index', [...])
 9 SYSTEMPATH\CodeIgniter.php(925): App\Controllers\Web->index()
10 SYSTEMPATH\CodeIgniter.php(480): CodeIgniter\CodeIgniter->runController(Object(App\Controllers\Web))
11 SYSTEMPATH\CodeIgniter.php(349): CodeIgniter\CodeIgniter->handleRequest(null, Object(Config\Cache), false)
12 FCPATH\index.php(66): CodeIgniter\CodeIgniter->run()
13 SYSTEMPATH\Commands\Server\rewrite.php(47): require_once('FCPATH\\index.php')
CRITICAL - 2022-12-24 02:04:44 --> Using $this when not in object context (View: E:\htdocs\project\brycms\brycms\theme\frontend\modern\index.blade.php)
in FCPATH\theme\frontend\modern\_layout\app.php on line 16.
 1 FCPATH\application\vendor\illuminate\view\Engines\PhpEngine.php(60): Illuminate\View\Engines\CompilerEngine->handleViewException(Object(Error), 2)
 2 FCPATH\application\vendor\illuminate\view\Engines\CompilerEngine.php(61): Illuminate\View\Engines\PhpEngine->evaluatePath('FCPATH\\theme\\frontend\\modern\\cache\\15ae8acd385ae9430d898fc8033302f088673f1e.php', [...])
 3 FCPATH\application\vendor\illuminate\view\View.php(139): Illuminate\View\Engines\CompilerEngine->get('FCPATH\\theme\\frontend\\modern\\index.blade.php', [...])
 4 FCPATH\application\vendor\illuminate\view\View.php(122): Illuminate\View\View->getContents()
 5 FCPATH\application\vendor\illuminate\view\View.php(91): Illuminate\View\View->renderContents()
 6 APPPATH\Libraries\Template.php(23): Illuminate\View\View->render()
 7 APPPATH\Controllers\FrontEndController.php(28): App\Libraries\Template->render('index', [...], 'FCPATH\\theme\\frontend\\modern')
 8 APPPATH\Controllers\Web.php(12): App\Controllers\FrontEndController->render('index', [...])
 9 SYSTEMPATH\CodeIgniter.php(925): App\Controllers\Web->index()
10 SYSTEMPATH\CodeIgniter.php(480): CodeIgniter\CodeIgniter->runController(Object(App\Controllers\Web))
11 SYSTEMPATH\CodeIgniter.php(349): CodeIgniter\CodeIgniter->handleRequest(null, Object(Config\Cache), false)
12 FCPATH\index.php(66): CodeIgniter\CodeIgniter->run()
13 SYSTEMPATH\Commands\Server\rewrite.php(47): require_once('FCPATH\\index.php')
CRITICAL - 2022-12-24 02:13:32 --> View [_section.footer] not found. (View: E:\htdocs\project\brycms\brycms\theme\frontend\modern\_layout\app.blade.php) (View: E:\htdocs\project\brycms\brycms\theme\frontend\modern\_layout\app.blade.php)
in FCPATH\application\vendor\illuminate\view\FileViewFinder.php on line 137.
 1 FCPATH\application\vendor\illuminate\view\Engines\PhpEngine.php(60): Illuminate\View\Engines\CompilerEngine->handleViewException(Object(Illuminate\View\ViewException), 2)
 2 FCPATH\application\vendor\illuminate\view\Engines\CompilerEngine.php(61): Illuminate\View\Engines\PhpEngine->evaluatePath('FCPATH\\theme\\frontend\\modern\\cache\\15ae8acd385ae9430d898fc8033302f088673f1e.php', [...])
 3 FCPATH\application\vendor\illuminate\view\View.php(139): Illuminate\View\Engines\CompilerEngine->get('FCPATH\\theme\\frontend\\modern\\index.blade.php', [...])
 4 FCPATH\application\vendor\illuminate\view\View.php(122): Illuminate\View\View->getContents()
 5 FCPATH\application\vendor\illuminate\view\View.php(91): Illuminate\View\View->renderContents()
 6 APPPATH\Libraries\Template.php(23): Illuminate\View\View->render()
 7 APPPATH\Controllers\FrontEndController.php(28): App\Libraries\Template->render('index', [...], 'FCPATH\\theme\\frontend\\modern')
 8 APPPATH\Controllers\Web.php(12): App\Controllers\FrontEndController->render('index', [...])
 9 SYSTEMPATH\CodeIgniter.php(925): App\Controllers\Web->index()
10 SYSTEMPATH\CodeIgniter.php(480): CodeIgniter\CodeIgniter->runController(Object(App\Controllers\Web))
11 SYSTEMPATH\CodeIgniter.php(349): CodeIgniter\CodeIgniter->handleRequest(null, Object(Config\Cache), false)
12 FCPATH\index.php(66): CodeIgniter\CodeIgniter->run()
13 SYSTEMPATH\Commands\Server\rewrite.php(47): require_once('FCPATH\\index.php')
CRITICAL - 2022-12-24 02:20:13 --> Using $this when not in object context (View: E:\htdocs\project\brycms\brycms\theme\backend\_layout\app.blade.php) (View: E:\htdocs\project\brycms\brycms\theme\backend\_layout\app.blade.php)
in FCPATH\theme\backend\cache\5878fe4465b2d1fb74b56baa92074422bfb04d7a.php on line 41.
 1 FCPATH\application\vendor\illuminate\view\Engines\PhpEngine.php(60): Illuminate\View\Engines\CompilerEngine->handleViewException(Object(Illuminate\View\ViewException), 2)
 2 FCPATH\application\vendor\illuminate\view\Engines\CompilerEngine.php(61): Illuminate\View\Engines\PhpEngine->evaluatePath('FCPATH\\theme\\backend\\cache\\ecfafafcd30b835208c1ca900f9273d4566cde49.php', [...])
 3 FCPATH\application\vendor\illuminate\view\View.php(139): Illuminate\View\Engines\CompilerEngine->get('FCPATH\\theme\\backend\\home.blade.php', [...])
 4 FCPATH\application\vendor\illuminate\view\View.php(122): Illuminate\View\View->getContents()
 5 FCPATH\application\vendor\illuminate\view\View.php(91): Illuminate\View\View->renderContents()
 6 APPPATH\Libraries\Template.php(23): Illuminate\View\View->render()
 7 APPPATH\Controllers\BackendController.php(24): App\Libraries\Template->render('home', [...], 'FCPATH\\theme\\backend')
 8 APPPATH\Controllers\Backend\Home.php(8): App\Controllers\BackendController->render('home')
 9 SYSTEMPATH\CodeIgniter.php(925): App\Controllers\Backend\Home->index()
10 SYSTEMPATH\CodeIgniter.php(480): CodeIgniter\CodeIgniter->runController(Object(App\Controllers\Backend\Home))
11 SYSTEMPATH\CodeIgniter.php(349): CodeIgniter\CodeIgniter->handleRequest(null, Object(Config\Cache), false)
12 FCPATH\index.php(66): CodeIgniter\CodeIgniter->run()
13 SYSTEMPATH\Commands\Server\rewrite.php(47): require_once('FCPATH\\index.php')
CRITICAL - 2022-12-24 02:25:56 --> Using $this when not in object context
in FCPATH\theme\backend\account.php on line 1.
 1 FCPATH\application\vendor\illuminate\filesystem\Filesystem.php(107): require()
 2 FCPATH\application\vendor\illuminate\filesystem\Filesystem.php(108): Illuminate\Filesystem\Filesystem::Illuminate\Filesystem\{closure}()
 3 FCPATH\application\vendor\illuminate\view\Engines\PhpEngine.php(58): Illuminate\Filesystem\Filesystem->getRequire('FCPATH\\theme\\backend\\account.php', [...])
 4 FCPATH\application\vendor\illuminate\view\Engines\PhpEngine.php(38): Illuminate\View\Engines\PhpEngine->evaluatePath('FCPATH\\theme\\backend\\account.php', [...])
 5 FCPATH\application\vendor\illuminate\view\View.php(139): Illuminate\View\Engines\PhpEngine->get('FCPATH\\theme\\backend\\account.php', [...])
 6 FCPATH\application\vendor\illuminate\view\View.php(122): Illuminate\View\View->getContents()
 7 FCPATH\application\vendor\illuminate\view\View.php(91): Illuminate\View\View->renderContents()
 8 APPPATH\Libraries\Template.php(23): Illuminate\View\View->render()
 9 APPPATH\Controllers\BackendController.php(24): App\Libraries\Template->render('account', [...], 'FCPATH\\theme\\backend')
10 APPPATH\Controllers\Backend\Account.php(7): App\Controllers\BackendController->render('account', [...])
11 SYSTEMPATH\CodeIgniter.php(925): App\Controllers\Backend\Account->index()
12 SYSTEMPATH\CodeIgniter.php(480): CodeIgniter\CodeIgniter->runController(Object(App\Controllers\Backend\Account))
13 SYSTEMPATH\CodeIgniter.php(349): CodeIgniter\CodeIgniter->handleRequest(null, Object(Config\Cache), false)
14 FCPATH\index.php(66): CodeIgniter\CodeIgniter->run()
15 SYSTEMPATH\Commands\Server\rewrite.php(47): require_once('FCPATH\\index.php')
CRITICAL - 2022-12-24 02:48:48 --> Maximum execution time of 60 seconds exceeded
in SYSTEMPATH\Autoloader\Autoloader.php on line 282.
 1 [internal function]: CodeIgniter\Debug\Exceptions->shutdownHandler()
