CRITICAL - 2022-12-23 07:40:23 --> Call to undefined method App\Libraries\Template::render()
in APPPATH\Controllers\FrontEndController.php on line 20.
 1 APPPATH\Controllers\Home.php(9): App\Controllers\FrontEndController->render()
 2 SYSTEMPATH\CodeIgniter.php(925): App\Controllers\Home->index()
 3 SYSTEMPATH\CodeIgniter.php(480): CodeIgniter\CodeIgniter->runController(Object(App\Controllers\Home))
 4 SYSTEMPATH\CodeIgniter.php(349): CodeIgniter\CodeIgniter->handleRequest(null, Object(Config\Cache), false)
 5 FCPATH\index.php(66): CodeIgniter\CodeIgniter->run()
 6 SYSTEMPATH\Commands\Server\rewrite.php(47): require_once('FCPATH\\index.php')
CRITICAL - 2022-12-23 07:46:01 --> Invalid file: E:\htdocs\project\brycms\index.php
in SYSTEMPATH\Exceptions\FrameworkException.php on line 33.
 1 SYSTEMPATH\View\View.php(201): CodeIgniter\Exceptions\FrameworkException::forInvalidFile('FCPATH\\index.php')
 2 APPPATH\Libraries\Template.php(32): CodeIgniter\View\View->render('FCPATH\\index.php')
 3 APPPATH\Controllers\FrontEndController.php(21): App\Libraries\Template->render('FCPATH\\index.php', [...])
 4 APPPATH\Controllers\Home.php(9): App\Controllers\FrontEndController->render()
 5 SYSTEMPATH\CodeIgniter.php(925): App\Controllers\Home->index()
 6 SYSTEMPATH\CodeIgniter.php(480): CodeIgniter\CodeIgniter->runController(Object(App\Controllers\Home))
 7 SYSTEMPATH\CodeIgniter.php(349): CodeIgniter\CodeIgniter->handleRequest(null, Object(Config\Cache), false)
 8 FCPATH\index.php(66): CodeIgniter\CodeIgniter->run()
 9 SYSTEMPATH\Commands\Server\rewrite.php(47): require_once('FCPATH\\index.php')
CRITICAL - 2022-12-23 07:48:00 --> Invalid file: frontend/welcome.php
in SYSTEMPATH\Exceptions\FrameworkException.php on line 33.
 1 SYSTEMPATH\View\View.php(201): CodeIgniter\Exceptions\FrameworkException::forInvalidFile('frontend/welcome.php')
 2 APPPATH\Libraries\Template.php(32): CodeIgniter\View\View->render('frontend/welcome')
 3 APPPATH\Controllers\FrontEndController.php(21): App\Libraries\Template->render('frontend/welcome', [...])
 4 APPPATH\Controllers\Home.php(9): App\Controllers\FrontEndController->render()
 5 SYSTEMPATH\CodeIgniter.php(925): App\Controllers\Home->index()
 6 SYSTEMPATH\CodeIgniter.php(480): CodeIgniter\CodeIgniter->runController(Object(App\Controllers\Home))
 7 SYSTEMPATH\CodeIgniter.php(349): CodeIgniter\CodeIgniter->handleRequest(null, Object(Config\Cache), false)
 8 FCPATH\index.php(66): CodeIgniter\CodeIgniter->run()
 9 SYSTEMPATH\Commands\Server\rewrite.php(47): require_once('FCPATH\\index.php')
CRITICAL - 2022-12-23 07:54:47 --> Invalid file: welcome.php
in SYSTEMPATH\Exceptions\FrameworkException.php on line 33.
 1 SYSTEMPATH\View\View.php(201): CodeIgniter\Exceptions\FrameworkException::forInvalidFile('welcome.php')
 2 APPPATH\Libraries\Template.php(32): CodeIgniter\View\View->render('welcome')
 3 APPPATH\Controllers\FrontEndController.php(21): App\Libraries\Template->render('welcome', [...])
 4 APPPATH\Controllers\Home.php(9): App\Controllers\FrontEndController->render()
 5 SYSTEMPATH\CodeIgniter.php(925): App\Controllers\Home->index()
 6 SYSTEMPATH\CodeIgniter.php(480): CodeIgniter\CodeIgniter->runController(Object(App\Controllers\Home))
 7 SYSTEMPATH\CodeIgniter.php(349): CodeIgniter\CodeIgniter->handleRequest(null, Object(Config\Cache), false)
 8 FCPATH\index.php(66): CodeIgniter\CodeIgniter->run()
 9 SYSTEMPATH\Commands\Server\rewrite.php(47): require_once('FCPATH\\index.php')
CRITICAL - 2022-12-23 07:57:23 --> Undefined index: DEFAULT_TEMPLATE
in APPPATH\Controllers\FrontEndController.php on line 20.
 1 APPPATH\Controllers\FrontEndController.php(20): CodeIgniter\Debug\Exceptions->errorHandler(8, 'Undefined index: DEFAULT_TEMPLATE', 'APPPATH\\Controllers\\FrontEndController.php', 20, [])
 2 APPPATH\Controllers\Home.php(9): App\Controllers\FrontEndController->render()
 3 SYSTEMPATH\CodeIgniter.php(925): App\Controllers\Home->index()
 4 SYSTEMPATH\CodeIgniter.php(480): CodeIgniter\CodeIgniter->runController(Object(App\Controllers\Home))
 5 SYSTEMPATH\CodeIgniter.php(349): CodeIgniter\CodeIgniter->handleRequest(null, Object(Config\Cache), false)
 6 FCPATH\index.php(66): CodeIgniter\CodeIgniter->run()
 7 SYSTEMPATH\Commands\Server\rewrite.php(47): require_once('FCPATH\\index.php')
CRITICAL - 2022-12-23 07:57:58 --> Undefined index: DEFAULT_TEMPLATE
in APPPATH\Controllers\FrontEndController.php on line 20.
 1 APPPATH\Controllers\FrontEndController.php(20): CodeIgniter\Debug\Exceptions->errorHandler(8, 'Undefined index: DEFAULT_TEMPLATE', 'APPPATH\\Controllers\\FrontEndController.php', 20, [])
 2 APPPATH\Controllers\Home.php(9): App\Controllers\FrontEndController->render()
 3 SYSTEMPATH\CodeIgniter.php(925): App\Controllers\Home->index()
 4 SYSTEMPATH\CodeIgniter.php(480): CodeIgniter\CodeIgniter->runController(Object(App\Controllers\Home))
 5 SYSTEMPATH\CodeIgniter.php(349): CodeIgniter\CodeIgniter->handleRequest(null, Object(Config\Cache), false)
 6 FCPATH\index.php(66): CodeIgniter\CodeIgniter->run()
 7 SYSTEMPATH\Commands\Server\rewrite.php(47): require_once('FCPATH\\index.php')
CRITICAL - 2022-12-23 07:58:00 --> Undefined index: DEFAULT_TEMPLATE
in APPPATH\Controllers\FrontEndController.php on line 20.
 1 APPPATH\Controllers\FrontEndController.php(20): CodeIgniter\Debug\Exceptions->errorHandler(8, 'Undefined index: DEFAULT_TEMPLATE', 'APPPATH\\Controllers\\FrontEndController.php', 20, [])
 2 APPPATH\Controllers\Home.php(9): App\Controllers\FrontEndController->render()
 3 SYSTEMPATH\CodeIgniter.php(925): App\Controllers\Home->index()
 4 SYSTEMPATH\CodeIgniter.php(480): CodeIgniter\CodeIgniter->runController(Object(App\Controllers\Home))
 5 SYSTEMPATH\CodeIgniter.php(349): CodeIgniter\CodeIgniter->handleRequest(null, Object(Config\Cache), false)
 6 FCPATH\index.php(66): CodeIgniter\CodeIgniter->run()
 7 SYSTEMPATH\Commands\Server\rewrite.php(47): require_once('FCPATH\\index.php')
CRITICAL - 2022-12-23 08:00:53 --> Too few arguments to function App\Controllers\FrontEndController::render(), 0 passed in E:\htdocs\project\brycms\application\app\Controllers\Home.php on line 9 and at least 1 expected
in APPPATH\Controllers\FrontEndController.php on line 19.
 1 APPPATH\Controllers\Home.php(9): App\Controllers\FrontEndController->render()
 2 SYSTEMPATH\CodeIgniter.php(925): App\Controllers\Home->index()
 3 SYSTEMPATH\CodeIgniter.php(480): CodeIgniter\CodeIgniter->runController(Object(App\Controllers\Home))
 4 SYSTEMPATH\CodeIgniter.php(349): CodeIgniter\CodeIgniter->handleRequest(null, Object(Config\Cache), false)
 5 FCPATH\index.php(66): CodeIgniter\CodeIgniter->run()
 6 SYSTEMPATH\Commands\Server\rewrite.php(47): require_once('FCPATH\\index.php')
CRITICAL - 2022-12-23 08:01:13 --> Invalid file: frontend/djakra/welcome.php
in SYSTEMPATH\Exceptions\FrameworkException.php on line 33.
 1 SYSTEMPATH\View\View.php(200): CodeIgniter\Exceptions\FrameworkException::forInvalidFile('frontend/djakra/welcome.php')
 2 APPPATH\Libraries\Template.php(34): CodeIgniter\View\View->render('frontend/djakra/welcome')
 3 APPPATH\Controllers\FrontEndController.php(26): App\Libraries\Template->render('frontend/djakra/welcome', [...])
 4 APPPATH\Controllers\Home.php(9): App\Controllers\FrontEndController->render('welcome', [...])
 5 SYSTEMPATH\CodeIgniter.php(925): App\Controllers\Home->index()
 6 SYSTEMPATH\CodeIgniter.php(480): CodeIgniter\CodeIgniter->runController(Object(App\Controllers\Home))
 7 SYSTEMPATH\CodeIgniter.php(349): CodeIgniter\CodeIgniter->handleRequest(null, Object(Config\Cache), false)
 8 FCPATH\index.php(66): CodeIgniter\CodeIgniter->run()
 9 SYSTEMPATH\Commands\Server\rewrite.php(47): require_once('FCPATH\\index.php')
CRITICAL - 2022-12-23 08:03:18 --> Invalid file: frontend/djakra/welcome.php
in SYSTEMPATH\Exceptions\FrameworkException.php on line 33.
 1 SYSTEMPATH\View\View.php(200): CodeIgniter\Exceptions\FrameworkException::forInvalidFile('frontend/djakra/welcome.php')
 2 APPPATH\Libraries\Template.php(21): CodeIgniter\View\View->render('frontend/djakra/welcome')
 3 APPPATH\Controllers\FrontEndController.php(25): App\Libraries\Template->render('frontend/djakra/welcome', [...])
 4 APPPATH\Controllers\Home.php(9): App\Controllers\FrontEndController->render('welcome', [...])
 5 SYSTEMPATH\CodeIgniter.php(925): App\Controllers\Home->index()
 6 SYSTEMPATH\CodeIgniter.php(480): CodeIgniter\CodeIgniter->runController(Object(App\Controllers\Home))
 7 SYSTEMPATH\CodeIgniter.php(349): CodeIgniter\CodeIgniter->handleRequest(null, Object(Config\Cache), false)
 8 FCPATH\index.php(66): CodeIgniter\CodeIgniter->run()
 9 SYSTEMPATH\Commands\Server\rewrite.php(47): require_once('FCPATH\\index.php')
CRITICAL - 2022-12-23 08:03:31 --> Invalid file: frontend/djakra/welcome.php
in SYSTEMPATH\Exceptions\FrameworkException.php on line 33.
 1 SYSTEMPATH\View\View.php(200): CodeIgniter\Exceptions\FrameworkException::forInvalidFile('frontend/djakra/welcome.php')
 2 APPPATH\Libraries\Template.php(21): CodeIgniter\View\View->render('frontend/djakra/welcome')
 3 APPPATH\Controllers\FrontEndController.php(25): App\Libraries\Template->render('frontend/djakra/welcome', [...])
 4 APPPATH\Controllers\Home.php(9): App\Controllers\FrontEndController->render('welcome', [...])
 5 SYSTEMPATH\CodeIgniter.php(925): App\Controllers\Home->index()
 6 SYSTEMPATH\CodeIgniter.php(480): CodeIgniter\CodeIgniter->runController(Object(App\Controllers\Home))
 7 SYSTEMPATH\CodeIgniter.php(349): CodeIgniter\CodeIgniter->handleRequest(null, Object(Config\Cache), false)
 8 FCPATH\index.php(66): CodeIgniter\CodeIgniter->run()
 9 SYSTEMPATH\Commands\Server\rewrite.php(47): require_once('FCPATH\\index.php')
CRITICAL - 2022-12-23 08:03:43 --> Invalid file: frontend/djakra/welcome.php
in SYSTEMPATH\Exceptions\FrameworkException.php on line 33.
 1 SYSTEMPATH\View\View.php(200): CodeIgniter\Exceptions\FrameworkException::forInvalidFile('frontend/djakra/welcome.php')
 2 APPPATH\Libraries\Template.php(21): CodeIgniter\View\View->render('frontend/djakra/welcome')
 3 APPPATH\Controllers\FrontEndController.php(25): App\Libraries\Template->render('frontend/djakra/welcome', [...])
 4 APPPATH\Controllers\Home.php(9): App\Controllers\FrontEndController->render('welcome', [...])
 5 SYSTEMPATH\CodeIgniter.php(925): App\Controllers\Home->index()
 6 SYSTEMPATH\CodeIgniter.php(480): CodeIgniter\CodeIgniter->runController(Object(App\Controllers\Home))
 7 SYSTEMPATH\CodeIgniter.php(349): CodeIgniter\CodeIgniter->handleRequest(null, Object(Config\Cache), false)
 8 FCPATH\index.php(66): CodeIgniter\CodeIgniter->run()
 9 SYSTEMPATH\Commands\Server\rewrite.php(47): require_once('FCPATH\\index.php')
CRITICAL - 2022-12-23 08:14:13 --> Invalid file: backend/home.php
in SYSTEMPATH\Exceptions\FrameworkException.php on line 33.
 1 SYSTEMPATH\View\View.php(200): CodeIgniter\Exceptions\FrameworkException::forInvalidFile('backend/home.php')
 2 APPPATH\Libraries\Template.php(19): CodeIgniter\View\View->render('backend/home')
 3 APPPATH\Controllers\BackendController.php(21): App\Libraries\Template->render('backend/home', [...])
 4 APPPATH\Controllers\Backend\Home.php(8): App\Controllers\BackendController->render('home')
 5 SYSTEMPATH\CodeIgniter.php(925): App\Controllers\Backend\Home->index()
 6 SYSTEMPATH\CodeIgniter.php(480): CodeIgniter\CodeIgniter->runController(Object(App\Controllers\Backend\Home))
 7 SYSTEMPATH\CodeIgniter.php(349): CodeIgniter\CodeIgniter->handleRequest(null, Object(Config\Cache), false)
 8 FCPATH\index.php(66): CodeIgniter\CodeIgniter->run()
 9 SYSTEMPATH\Commands\Server\rewrite.php(47): require_once('FCPATH\\index.php')
CRITICAL - 2022-12-23 08:14:52 --> Invalid file: backend/home.php
in SYSTEMPATH\Exceptions\FrameworkException.php on line 33.
 1 SYSTEMPATH\View\View.php(200): CodeIgniter\Exceptions\FrameworkException::forInvalidFile('backend/home.php')
 2 APPPATH\Libraries\Template.php(19): CodeIgniter\View\View->render('backend/home')
 3 APPPATH\Controllers\BackendController.php(21): App\Libraries\Template->render('backend/home', [...])
 4 APPPATH\Controllers\Backend\Home.php(8): App\Controllers\BackendController->render('home')
 5 SYSTEMPATH\CodeIgniter.php(925): App\Controllers\Backend\Home->index()
 6 SYSTEMPATH\CodeIgniter.php(480): CodeIgniter\CodeIgniter->runController(Object(App\Controllers\Backend\Home))
 7 SYSTEMPATH\CodeIgniter.php(349): CodeIgniter\CodeIgniter->handleRequest(null, Object(Config\Cache), false)
 8 FCPATH\index.php(66): CodeIgniter\CodeIgniter->run()
 9 SYSTEMPATH\Commands\Server\rewrite.php(47): require_once('FCPATH\\index.php')
CRITICAL - 2022-12-23 08:14:58 --> Invalid file: frontend/djakra/welcome.php
in SYSTEMPATH\Exceptions\FrameworkException.php on line 33.
 1 SYSTEMPATH\View\View.php(200): CodeIgniter\Exceptions\FrameworkException::forInvalidFile('frontend/djakra/welcome.php')
 2 APPPATH\Libraries\Template.php(19): CodeIgniter\View\View->render('frontend/djakra/welcome')
 3 APPPATH\Controllers\FrontEndController.php(27): App\Libraries\Template->render('frontend/djakra/welcome', [...])
 4 APPPATH\Controllers\Home.php(9): App\Controllers\FrontEndController->render('welcome', [...])
 5 SYSTEMPATH\CodeIgniter.php(925): App\Controllers\Home->index()
 6 SYSTEMPATH\CodeIgniter.php(480): CodeIgniter\CodeIgniter->runController(Object(App\Controllers\Home))
 7 SYSTEMPATH\CodeIgniter.php(349): CodeIgniter\CodeIgniter->handleRequest(null, Object(Config\Cache), false)
 8 FCPATH\index.php(66): CodeIgniter\CodeIgniter->run()
 9 SYSTEMPATH\Commands\Server\rewrite.php(47): require_once('FCPATH\\index.php')
CRITICAL - 2022-12-23 08:25:52 --> Invalid file: backend/home.php
in SYSTEMPATH\Exceptions\FrameworkException.php on line 33.
 1 SYSTEMPATH\View\View.php(200): CodeIgniter\Exceptions\FrameworkException::forInvalidFile('backend/home.php')
 2 APPPATH\Libraries\Template.php(19): CodeIgniter\View\View->render('backend/home')
 3 APPPATH\Controllers\BackendController.php(21): App\Libraries\Template->render('backend/home', [...])
 4 APPPATH\Controllers\Backend\Home.php(9): App\Controllers\BackendController->render('home')
 5 SYSTEMPATH\CodeIgniter.php(925): App\Controllers\Backend\Home->index()
 6 SYSTEMPATH\CodeIgniter.php(480): CodeIgniter\CodeIgniter->runController(Object(App\Controllers\Backend\Home))
 7 SYSTEMPATH\CodeIgniter.php(349): CodeIgniter\CodeIgniter->handleRequest(null, Object(Config\Cache), false)
 8 FCPATH\index.php(66): CodeIgniter\CodeIgniter->run()
 9 SYSTEMPATH\Commands\Server\rewrite.php(47): require_once('FCPATH\\index.php')
CRITICAL - 2022-12-23 08:26:23 --> Invalid file: backend/home.php
in SYSTEMPATH\Exceptions\FrameworkException.php on line 33.
 1 SYSTEMPATH\View\View.php(200): CodeIgniter\Exceptions\FrameworkException::forInvalidFile('backend/home.php')
 2 APPPATH\Libraries\Template.php(19): CodeIgniter\View\View->render('backend/home')
 3 APPPATH\Controllers\BackendController.php(21): App\Libraries\Template->render('backend/home', [...])
 4 APPPATH\Controllers\Backend\Home.php(9): App\Controllers\BackendController->render('home')
 5 SYSTEMPATH\CodeIgniter.php(925): App\Controllers\Backend\Home->index()
 6 SYSTEMPATH\CodeIgniter.php(480): CodeIgniter\CodeIgniter->runController(Object(App\Controllers\Backend\Home))
 7 SYSTEMPATH\CodeIgniter.php(349): CodeIgniter\CodeIgniter->handleRequest(null, Object(Config\Cache), false)
 8 FCPATH\index.php(66): CodeIgniter\CodeIgniter->run()
 9 SYSTEMPATH\Commands\Server\rewrite.php(47): require_once('FCPATH\\index.php')
CRITICAL - 2022-12-23 08:26:52 --> Invalid file: backend/home.php
in SYSTEMPATH\Exceptions\FrameworkException.php on line 33.
 1 SYSTEMPATH\View\View.php(200): CodeIgniter\Exceptions\FrameworkException::forInvalidFile('backend/home.php')
 2 APPPATH\Libraries\Template.php(19): CodeIgniter\View\View->render('backend/home')
 3 APPPATH\Controllers\BackendController.php(21): App\Libraries\Template->render('backend/home', [...])
 4 APPPATH\Controllers\Backend\Home.php(9): App\Controllers\BackendController->render('home')
 5 SYSTEMPATH\CodeIgniter.php(925): App\Controllers\Backend\Home->index()
 6 SYSTEMPATH\CodeIgniter.php(480): CodeIgniter\CodeIgniter->runController(Object(App\Controllers\Backend\Home))
 7 SYSTEMPATH\CodeIgniter.php(349): CodeIgniter\CodeIgniter->handleRequest(null, Object(Config\Cache), false)
 8 FCPATH\index.php(66): CodeIgniter\CodeIgniter->run()
CRITICAL - 2022-12-23 08:27:23 --> Invalid file: backend/home.php
in SYSTEMPATH\Exceptions\FrameworkException.php on line 33.
 1 SYSTEMPATH\View\View.php(200): CodeIgniter\Exceptions\FrameworkException::forInvalidFile('backend/home.php')
 2 APPPATH\Libraries\Template.php(19): CodeIgniter\View\View->render('backend/home')
 3 APPPATH\Controllers\BackendController.php(21): App\Libraries\Template->render('backend/home', [...])
 4 APPPATH\Controllers\Backend\Home.php(9): App\Controllers\BackendController->render('home')
 5 SYSTEMPATH\CodeIgniter.php(925): App\Controllers\Backend\Home->index()
 6 SYSTEMPATH\CodeIgniter.php(480): CodeIgniter\CodeIgniter->runController(Object(App\Controllers\Backend\Home))
 7 SYSTEMPATH\CodeIgniter.php(349): CodeIgniter\CodeIgniter->handleRequest(null, Object(Config\Cache), false)
 8 FCPATH\index.php(66): CodeIgniter\CodeIgniter->run()
CRITICAL - 2022-12-23 08:29:28 --> Invalid file: backend/home.php
in SYSTEMPATH\Exceptions\FrameworkException.php on line 33.
 1 SYSTEMPATH\View\View.php(200): CodeIgniter\Exceptions\FrameworkException::forInvalidFile('backend/home.php')
 2 APPPATH\Libraries\Template.php(19): CodeIgniter\View\View->render('backend/home')
 3 APPPATH\Controllers\BackendController.php(21): App\Libraries\Template->render('backend/home', [...])
 4 APPPATH\Controllers\Backend\Home.php(9): App\Controllers\BackendController->render('home')
 5 SYSTEMPATH\CodeIgniter.php(925): App\Controllers\Backend\Home->index()
 6 SYSTEMPATH\CodeIgniter.php(480): CodeIgniter\CodeIgniter->runController(Object(App\Controllers\Backend\Home))
 7 SYSTEMPATH\CodeIgniter.php(349): CodeIgniter\CodeIgniter->handleRequest(null, Object(Config\Cache), false)
 8 FCPATH\index.php(66): CodeIgniter\CodeIgniter->run()
CRITICAL - 2022-12-23 08:29:46 --> Invalid file: backend/home.php
in SYSTEMPATH\Exceptions\FrameworkException.php on line 33.
 1 SYSTEMPATH\View\View.php(200): CodeIgniter\Exceptions\FrameworkException::forInvalidFile('backend/home.php')
 2 APPPATH\Libraries\Template.php(19): CodeIgniter\View\View->render('backend/home')
 3 APPPATH\Controllers\BackendController.php(21): App\Libraries\Template->render('backend/home', [...])
 4 APPPATH\Controllers\Backend\Home.php(9): App\Controllers\BackendController->render('home')
 5 SYSTEMPATH\CodeIgniter.php(925): App\Controllers\Backend\Home->index()
 6 SYSTEMPATH\CodeIgniter.php(480): CodeIgniter\CodeIgniter->runController(Object(App\Controllers\Backend\Home))
 7 SYSTEMPATH\CodeIgniter.php(349): CodeIgniter\CodeIgniter->handleRequest(null, Object(Config\Cache), false)
 8 FCPATH\index.php(66): CodeIgniter\CodeIgniter->run()
CRITICAL - 2022-12-23 08:31:26 --> Invalid file: backend/home.php
in SYSTEMPATH\Exceptions\FrameworkException.php on line 33.
 1 SYSTEMPATH\View\View.php(200): CodeIgniter\Exceptions\FrameworkException::forInvalidFile('backend/home.php')
 2 APPPATH\Libraries\Template.php(19): CodeIgniter\View\View->render('backend/home')
 3 APPPATH\Controllers\BackendController.php(21): App\Libraries\Template->render('backend/home', [...])
 4 APPPATH\Controllers\Backend\Home.php(9): App\Controllers\BackendController->render('home')
 5 SYSTEMPATH\CodeIgniter.php(925): App\Controllers\Backend\Home->index()
 6 SYSTEMPATH\CodeIgniter.php(480): CodeIgniter\CodeIgniter->runController(Object(App\Controllers\Backend\Home))
 7 SYSTEMPATH\CodeIgniter.php(349): CodeIgniter\CodeIgniter->handleRequest(null, Object(Config\Cache), false)
 8 FCPATH\index.php(66): CodeIgniter\CodeIgniter->run()
CRITICAL - 2022-12-23 08:33:33 --> Call to undefined function link_tag()
in FCPATH\theme\backend\home.php on line 8.
 1 SYSTEMPATH\View\View.php(212): include()
 2 SYSTEMPATH\View\View.php(215): CodeIgniter\View\View->CodeIgniter\View\{closure}()
 3 APPPATH\Libraries\Template.php(19): CodeIgniter\View\View->render('backend/home')
 4 APPPATH\Controllers\BackendController.php(21): App\Libraries\Template->render('backend/home', [...])
 5 APPPATH\Controllers\Backend\Home.php(8): App\Controllers\BackendController->render('home')
 6 SYSTEMPATH\CodeIgniter.php(925): App\Controllers\Backend\Home->index()
 7 SYSTEMPATH\CodeIgniter.php(480): CodeIgniter\CodeIgniter->runController(Object(App\Controllers\Backend\Home))
 8 SYSTEMPATH\CodeIgniter.php(349): CodeIgniter\CodeIgniter->handleRequest(null, Object(Config\Cache), false)
 9 FCPATH\index.php(66): CodeIgniter\CodeIgniter->run()
CRITICAL - 2022-12-23 08:33:52 --> Call to undefined function link_tag()
in FCPATH\theme\backend\home.php on line 8.
 1 SYSTEMPATH\View\View.php(212): include()
 2 SYSTEMPATH\View\View.php(215): CodeIgniter\View\View->CodeIgniter\View\{closure}()
 3 APPPATH\Libraries\Template.php(19): CodeIgniter\View\View->render('backend/home')
 4 APPPATH\Controllers\BackendController.php(21): App\Libraries\Template->render('backend/home', [...])
 5 APPPATH\Controllers\Backend\Home.php(8): App\Controllers\BackendController->render('home')
 6 SYSTEMPATH\CodeIgniter.php(925): App\Controllers\Backend\Home->index()
 7 SYSTEMPATH\CodeIgniter.php(480): CodeIgniter\CodeIgniter->runController(Object(App\Controllers\Backend\Home))
 8 SYSTEMPATH\CodeIgniter.php(349): CodeIgniter\CodeIgniter->handleRequest(null, Object(Config\Cache), false)
 9 FCPATH\index.php(66): CodeIgniter\CodeIgniter->run()
CRITICAL - 2022-12-23 08:33:55 --> Call to undefined function link_tag()
in FCPATH\theme\backend\home.php on line 8.
 1 SYSTEMPATH\View\View.php(212): include()
 2 SYSTEMPATH\View\View.php(215): CodeIgniter\View\View->CodeIgniter\View\{closure}()
 3 APPPATH\Libraries\Template.php(19): CodeIgniter\View\View->render('backend/home')
 4 APPPATH\Controllers\BackendController.php(21): App\Libraries\Template->render('backend/home', [...])
 5 APPPATH\Controllers\Backend\Home.php(8): App\Controllers\BackendController->render('home')
 6 SYSTEMPATH\CodeIgniter.php(925): App\Controllers\Backend\Home->index()
 7 SYSTEMPATH\CodeIgniter.php(480): CodeIgniter\CodeIgniter->runController(Object(App\Controllers\Backend\Home))
 8 SYSTEMPATH\CodeIgniter.php(349): CodeIgniter\CodeIgniter->handleRequest(null, Object(Config\Cache), false)
 9 FCPATH\index.php(66): CodeIgniter\CodeIgniter->run()
CRITICAL - 2022-12-23 08:34:39 --> Call to undefined function link_tag()
in FCPATH\theme\backend\home.php on line 8.
 1 SYSTEMPATH\View\View.php(212): include()
 2 SYSTEMPATH\View\View.php(215): CodeIgniter\View\View->CodeIgniter\View\{closure}()
 3 APPPATH\Libraries\Template.php(19): CodeIgniter\View\View->render('backend/home')
 4 APPPATH\Controllers\BackendController.php(21): App\Libraries\Template->render('backend/home', [...])
 5 APPPATH\Controllers\Backend\Home.php(8): App\Controllers\BackendController->render('home')
 6 SYSTEMPATH\CodeIgniter.php(925): App\Controllers\Backend\Home->index()
 7 SYSTEMPATH\CodeIgniter.php(480): CodeIgniter\CodeIgniter->runController(Object(App\Controllers\Backend\Home))
 8 SYSTEMPATH\CodeIgniter.php(349): CodeIgniter\CodeIgniter->handleRequest(null, Object(Config\Cache), false)
 9 FCPATH\index.php(66): CodeIgniter\CodeIgniter->run()
CRITICAL - 2022-12-23 08:38:56 --> Call to undefined function link_tag()
in FCPATH\theme\backend\home.php on line 8.
 1 SYSTEMPATH\View\View.php(212): include()
 2 SYSTEMPATH\View\View.php(215): CodeIgniter\View\View->CodeIgniter\View\{closure}()
 3 APPPATH\Libraries\Template.php(19): CodeIgniter\View\View->render('backend/home')
 4 APPPATH\Controllers\BackendController.php(21): App\Libraries\Template->render('backend/home', [...])
 5 APPPATH\Controllers\Backend\Home.php(8): App\Controllers\BackendController->render('home')
 6 SYSTEMPATH\CodeIgniter.php(925): App\Controllers\Backend\Home->index()
 7 SYSTEMPATH\CodeIgniter.php(480): CodeIgniter\CodeIgniter->runController(Object(App\Controllers\Backend\Home))
 8 SYSTEMPATH\CodeIgniter.php(349): CodeIgniter\CodeIgniter->handleRequest(null, Object(Config\Cache), false)
 9 FCPATH\index.php(66): CodeIgniter\CodeIgniter->run()
CRITICAL - 2022-12-23 09:01:59 --> Class 'Config\TemplateConfig' not found
in APPPATH\Controllers\BackendController.php on line 22.
 1 APPPATH\Controllers\Backend\Home.php(8): App\Controllers\BackendController->render('home')
 2 SYSTEMPATH\CodeIgniter.php(925): App\Controllers\Backend\Home->index()
 3 SYSTEMPATH\CodeIgniter.php(480): CodeIgniter\CodeIgniter->runController(Object(App\Controllers\Backend\Home))
 4 SYSTEMPATH\CodeIgniter.php(349): CodeIgniter\CodeIgniter->handleRequest(null, Object(Config\Cache), false)
 5 FCPATH\index.php(66): CodeIgniter\CodeIgniter->run()
CRITICAL - 2022-12-23 09:02:35 --> Invalid file: home.php
in SYSTEMPATH\Exceptions\FrameworkException.php on line 33.
 1 SYSTEMPATH\View\View.php(200): CodeIgniter\Exceptions\FrameworkException::forInvalidFile('home.php')
 2 APPPATH\Libraries\Template.php(18): CodeIgniter\View\View->render('home')
 3 APPPATH\Controllers\BackendController.php(24): App\Libraries\Template->render('home', [...])
 4 APPPATH\Controllers\Backend\Home.php(8): App\Controllers\BackendController->render('home')
 5 SYSTEMPATH\CodeIgniter.php(925): App\Controllers\Backend\Home->index()
 6 SYSTEMPATH\CodeIgniter.php(480): CodeIgniter\CodeIgniter->runController(Object(App\Controllers\Backend\Home))
 7 SYSTEMPATH\CodeIgniter.php(349): CodeIgniter\CodeIgniter->handleRequest(null, Object(Config\Cache), false)
 8 FCPATH\index.php(66): CodeIgniter\CodeIgniter->run()
CRITICAL - 2022-12-23 09:03:10 --> Invalid file: home.php
in SYSTEMPATH\Exceptions\FrameworkException.php on line 33.
 1 SYSTEMPATH\View\View.php(200): CodeIgniter\Exceptions\FrameworkException::forInvalidFile('home.php')
 2 APPPATH\Libraries\Template.php(18): CodeIgniter\View\View->render('home')
 3 APPPATH\Controllers\BackendController.php(25): App\Libraries\Template->render('home', [...])
 4 APPPATH\Controllers\Backend\Home.php(8): App\Controllers\BackendController->render('home')
 5 SYSTEMPATH\CodeIgniter.php(925): App\Controllers\Backend\Home->index()
 6 SYSTEMPATH\CodeIgniter.php(480): CodeIgniter\CodeIgniter->runController(Object(App\Controllers\Backend\Home))
 7 SYSTEMPATH\CodeIgniter.php(349): CodeIgniter\CodeIgniter->handleRequest(null, Object(Config\Cache), false)
 8 FCPATH\index.php(66): CodeIgniter\CodeIgniter->run()
CRITICAL - 2022-12-23 09:04:07 --> Invalid file: home.php
in SYSTEMPATH\Exceptions\FrameworkException.php on line 33.
 1 SYSTEMPATH\View\View.php(200): CodeIgniter\Exceptions\FrameworkException::forInvalidFile('home.php')
 2 APPPATH\Libraries\Template.php(19): CodeIgniter\View\View->render('home')
 3 APPPATH\Controllers\BackendController.php(25): App\Libraries\Template->render('home', [...])
 4 APPPATH\Controllers\Backend\Home.php(8): App\Controllers\BackendController->render('home')
 5 SYSTEMPATH\CodeIgniter.php(925): App\Controllers\Backend\Home->index()
 6 SYSTEMPATH\CodeIgniter.php(480): CodeIgniter\CodeIgniter->runController(Object(App\Controllers\Backend\Home))
 7 SYSTEMPATH\CodeIgniter.php(349): CodeIgniter\CodeIgniter->handleRequest(null, Object(Config\Cache), false)
 8 FCPATH\index.php(66): CodeIgniter\CodeIgniter->run()
CRITICAL - 2022-12-23 09:04:31 --> Invalid file: home.php
in SYSTEMPATH\Exceptions\FrameworkException.php on line 33.
 1 SYSTEMPATH\View\View.php(200): CodeIgniter\Exceptions\FrameworkException::forInvalidFile('home.php')
 2 APPPATH\Libraries\Template.php(19): CodeIgniter\View\View->render('home')
 3 APPPATH\Controllers\BackendController.php(25): App\Libraries\Template->render('home', [...])
 4 APPPATH\Controllers\Backend\Home.php(8): App\Controllers\BackendController->render('home')
 5 SYSTEMPATH\CodeIgniter.php(925): App\Controllers\Backend\Home->index()
 6 SYSTEMPATH\CodeIgniter.php(480): CodeIgniter\CodeIgniter->runController(Object(App\Controllers\Backend\Home))
 7 SYSTEMPATH\CodeIgniter.php(349): CodeIgniter\CodeIgniter->handleRequest(null, Object(Config\Cache), false)
 8 FCPATH\index.php(66): CodeIgniter\CodeIgniter->run()
CRITICAL - 2022-12-23 09:04:39 --> Invalid file: home.php
in SYSTEMPATH\Exceptions\FrameworkException.php on line 33.
 1 SYSTEMPATH\View\View.php(200): CodeIgniter\Exceptions\FrameworkException::forInvalidFile('home.php')
 2 APPPATH\Libraries\Template.php(18): CodeIgniter\View\View->render('home')
 3 APPPATH\Controllers\BackendController.php(25): App\Libraries\Template->render('home', [...])
 4 APPPATH\Controllers\Backend\Home.php(8): App\Controllers\BackendController->render('home')
 5 SYSTEMPATH\CodeIgniter.php(925): App\Controllers\Backend\Home->index()
 6 SYSTEMPATH\CodeIgniter.php(480): CodeIgniter\CodeIgniter->runController(Object(App\Controllers\Backend\Home))
 7 SYSTEMPATH\CodeIgniter.php(349): CodeIgniter\CodeIgniter->handleRequest(null, Object(Config\Cache), false)
 8 FCPATH\index.php(66): CodeIgniter\CodeIgniter->run()
CRITICAL - 2022-12-23 09:05:16 --> Invalid file: home.php
in SYSTEMPATH\Exceptions\FrameworkException.php on line 33.
 1 SYSTEMPATH\View\View.php(200): CodeIgniter\Exceptions\FrameworkException::forInvalidFile('home.php')
 2 APPPATH\Libraries\Template.php(18): CodeIgniter\View\View->render('home')
 3 APPPATH\Controllers\BackendController.php(25): App\Libraries\Template->render('home', [...])
 4 APPPATH\Controllers\Backend\Home.php(8): App\Controllers\BackendController->render('home')
 5 SYSTEMPATH\CodeIgniter.php(925): App\Controllers\Backend\Home->index()
 6 SYSTEMPATH\CodeIgniter.php(480): CodeIgniter\CodeIgniter->runController(Object(App\Controllers\Backend\Home))
 7 SYSTEMPATH\CodeIgniter.php(349): CodeIgniter\CodeIgniter->handleRequest(null, Object(Config\Cache), false)
 8 FCPATH\index.php(66): CodeIgniter\CodeIgniter->run()
CRITICAL - 2022-12-23 09:05:53 --> Invalid file: home.php
in SYSTEMPATH\Exceptions\FrameworkException.php on line 33.
 1 SYSTEMPATH\View\View.php(200): CodeIgniter\Exceptions\FrameworkException::forInvalidFile('home.php')
 2 APPPATH\Libraries\Template.php(18): CodeIgniter\View\View->render('home')
 3 APPPATH\Controllers\BackendController.php(25): App\Libraries\Template->render('home', [...])
 4 APPPATH\Controllers\Backend\Home.php(8): App\Controllers\BackendController->render('home')
 5 SYSTEMPATH\CodeIgniter.php(925): App\Controllers\Backend\Home->index()
 6 SYSTEMPATH\CodeIgniter.php(480): CodeIgniter\CodeIgniter->runController(Object(App\Controllers\Backend\Home))
 7 SYSTEMPATH\CodeIgniter.php(349): CodeIgniter\CodeIgniter->handleRequest(null, Object(Config\Cache), false)
 8 FCPATH\index.php(66): CodeIgniter\CodeIgniter->run()
CRITICAL - 2022-12-23 09:06:10 --> Invalid file: backend/home.php
in SYSTEMPATH\Exceptions\FrameworkException.php on line 33.
 1 SYSTEMPATH\View\View.php(200): CodeIgniter\Exceptions\FrameworkException::forInvalidFile('backend/home.php')
 2 APPPATH\Libraries\Template.php(18): CodeIgniter\View\View->render('backend/home')
 3 APPPATH\Controllers\BackendController.php(25): App\Libraries\Template->render('backend/home', [...])
 4 APPPATH\Controllers\Backend\Home.php(8): App\Controllers\BackendController->render('home')
 5 SYSTEMPATH\CodeIgniter.php(925): App\Controllers\Backend\Home->index()
 6 SYSTEMPATH\CodeIgniter.php(480): CodeIgniter\CodeIgniter->runController(Object(App\Controllers\Backend\Home))
 7 SYSTEMPATH\CodeIgniter.php(349): CodeIgniter\CodeIgniter->handleRequest(null, Object(Config\Cache), false)
 8 FCPATH\index.php(66): CodeIgniter\CodeIgniter->run()
CRITICAL - 2022-12-23 09:06:19 --> Invalid file: home.php
in SYSTEMPATH\Exceptions\FrameworkException.php on line 33.
 1 SYSTEMPATH\View\View.php(200): CodeIgniter\Exceptions\FrameworkException::forInvalidFile('home.php')
 2 APPPATH\Libraries\Template.php(18): CodeIgniter\View\View->render('home.php')
 3 APPPATH\Controllers\BackendController.php(25): App\Libraries\Template->render('home.php', [...])
 4 APPPATH\Controllers\Backend\Home.php(8): App\Controllers\BackendController->render('home')
 5 SYSTEMPATH\CodeIgniter.php(925): App\Controllers\Backend\Home->index()
 6 SYSTEMPATH\CodeIgniter.php(480): CodeIgniter\CodeIgniter->runController(Object(App\Controllers\Backend\Home))
 7 SYSTEMPATH\CodeIgniter.php(349): CodeIgniter\CodeIgniter->handleRequest(null, Object(Config\Cache), false)
 8 FCPATH\index.php(66): CodeIgniter\CodeIgniter->run()
CRITICAL - 2022-12-23 09:07:04 --> Invalid file: home.php
in SYSTEMPATH\Exceptions\FrameworkException.php on line 33.
 1 SYSTEMPATH\View\View.php(201): CodeIgniter\Exceptions\FrameworkException::forInvalidFile('home.php')
 2 APPPATH\Libraries\Template.php(18): CodeIgniter\View\View->render('home')
 3 APPPATH\Controllers\BackendController.php(25): App\Libraries\Template->render('home', [...])
 4 APPPATH\Controllers\Backend\Home.php(8): App\Controllers\BackendController->render('home')
 5 SYSTEMPATH\CodeIgniter.php(925): App\Controllers\Backend\Home->index()
 6 SYSTEMPATH\CodeIgniter.php(480): CodeIgniter\CodeIgniter->runController(Object(App\Controllers\Backend\Home))
 7 SYSTEMPATH\CodeIgniter.php(349): CodeIgniter\CodeIgniter->handleRequest(null, Object(Config\Cache), false)
 8 FCPATH\index.php(66): CodeIgniter\CodeIgniter->run()
CRITICAL - 2022-12-23 09:07:23 --> Invalid file: home.php
in SYSTEMPATH\Exceptions\FrameworkException.php on line 33.
 1 SYSTEMPATH\View\View.php(201): CodeIgniter\Exceptions\FrameworkException::forInvalidFile('home.php')
 2 APPPATH\Libraries\Template.php(18): CodeIgniter\View\View->render('home')
 3 APPPATH\Controllers\BackendController.php(25): App\Libraries\Template->render('home', [...])
 4 APPPATH\Controllers\Backend\Home.php(8): App\Controllers\BackendController->render('home')
 5 SYSTEMPATH\CodeIgniter.php(925): App\Controllers\Backend\Home->index()
 6 SYSTEMPATH\CodeIgniter.php(480): CodeIgniter\CodeIgniter->runController(Object(App\Controllers\Backend\Home))
 7 SYSTEMPATH\CodeIgniter.php(349): CodeIgniter\CodeIgniter->handleRequest(null, Object(Config\Cache), false)
 8 FCPATH\index.php(66): CodeIgniter\CodeIgniter->run()
CRITICAL - 2022-12-23 09:07:24 --> Invalid file: home.php
in SYSTEMPATH\Exceptions\FrameworkException.php on line 33.
 1 SYSTEMPATH\View\View.php(201): CodeIgniter\Exceptions\FrameworkException::forInvalidFile('home.php')
 2 APPPATH\Libraries\Template.php(18): CodeIgniter\View\View->render('home')
 3 APPPATH\Controllers\BackendController.php(25): App\Libraries\Template->render('home', [...])
 4 APPPATH\Controllers\Backend\Home.php(8): App\Controllers\BackendController->render('home')
 5 SYSTEMPATH\CodeIgniter.php(925): App\Controllers\Backend\Home->index()
 6 SYSTEMPATH\CodeIgniter.php(480): CodeIgniter\CodeIgniter->runController(Object(App\Controllers\Backend\Home))
 7 SYSTEMPATH\CodeIgniter.php(349): CodeIgniter\CodeIgniter->handleRequest(null, Object(Config\Cache), false)
 8 FCPATH\index.php(66): CodeIgniter\CodeIgniter->run()
CRITICAL - 2022-12-23 09:08:59 --> Invalid file: home.php
in SYSTEMPATH\Exceptions\FrameworkException.php on line 33.
 1 SYSTEMPATH\View\View.php(201): CodeIgniter\Exceptions\FrameworkException::forInvalidFile('home.php')
 2 APPPATH\Libraries\Template.php(18): CodeIgniter\View\View->render('home')
 3 APPPATH\Controllers\BackendController.php(25): App\Libraries\Template->render('home', [...])
 4 APPPATH\Controllers\Backend\Home.php(8): App\Controllers\BackendController->render('home')
 5 SYSTEMPATH\CodeIgniter.php(925): App\Controllers\Backend\Home->index()
 6 SYSTEMPATH\CodeIgniter.php(480): CodeIgniter\CodeIgniter->runController(Object(App\Controllers\Backend\Home))
 7 SYSTEMPATH\CodeIgniter.php(349): CodeIgniter\CodeIgniter->handleRequest(null, Object(Config\Cache), false)
 8 FCPATH\index.php(66): CodeIgniter\CodeIgniter->run()
CRITICAL - 2022-12-23 09:09:24 --> Invalid file: home.php
in SYSTEMPATH\Exceptions\FrameworkException.php on line 33.
 1 SYSTEMPATH\View\View.php(201): CodeIgniter\Exceptions\FrameworkException::forInvalidFile('home.php')
 2 APPPATH\Libraries\Template.php(18): CodeIgniter\View\View->render('home')
 3 APPPATH\Controllers\BackendController.php(24): App\Libraries\Template->render('home', [...])
 4 APPPATH\Controllers\Backend\Home.php(8): App\Controllers\BackendController->render('home')
 5 SYSTEMPATH\CodeIgniter.php(925): App\Controllers\Backend\Home->index()
 6 SYSTEMPATH\CodeIgniter.php(480): CodeIgniter\CodeIgniter->runController(Object(App\Controllers\Backend\Home))
 7 SYSTEMPATH\CodeIgniter.php(349): CodeIgniter\CodeIgniter->handleRequest(null, Object(Config\Cache), false)
 8 FCPATH\index.php(66): CodeIgniter\CodeIgniter->run()
CRITICAL - 2022-12-23 09:09:28 --> Invalid file: home.php
in SYSTEMPATH\Exceptions\FrameworkException.php on line 33.
 1 SYSTEMPATH\View\View.php(201): CodeIgniter\Exceptions\FrameworkException::forInvalidFile('home.php')
 2 APPPATH\Libraries\Template.php(18): CodeIgniter\View\View->render('home')
 3 APPPATH\Controllers\BackendController.php(24): App\Libraries\Template->render('home', [...])
 4 APPPATH\Controllers\Backend\Home.php(8): App\Controllers\BackendController->render('home')
 5 SYSTEMPATH\CodeIgniter.php(925): App\Controllers\Backend\Home->index()
 6 SYSTEMPATH\CodeIgniter.php(480): CodeIgniter\CodeIgniter->runController(Object(App\Controllers\Backend\Home))
 7 SYSTEMPATH\CodeIgniter.php(349): CodeIgniter\CodeIgniter->handleRequest(null, Object(Config\Cache), false)
 8 FCPATH\index.php(66): CodeIgniter\CodeIgniter->run()
CRITICAL - 2022-12-23 09:10:31 --> Invalid file: home.php
in SYSTEMPATH\Exceptions\FrameworkException.php on line 33.
 1 SYSTEMPATH\View\View.php(201): CodeIgniter\Exceptions\FrameworkException::forInvalidFile('home.php')
 2 APPPATH\Libraries\Template.php(18): CodeIgniter\View\View->render('home')
 3 APPPATH\Controllers\BackendController.php(25): App\Libraries\Template->render('home', [...])
 4 APPPATH\Controllers\Backend\Home.php(8): App\Controllers\BackendController->render('home')
 5 SYSTEMPATH\CodeIgniter.php(925): App\Controllers\Backend\Home->index()
 6 SYSTEMPATH\CodeIgniter.php(480): CodeIgniter\CodeIgniter->runController(Object(App\Controllers\Backend\Home))
 7 SYSTEMPATH\CodeIgniter.php(349): CodeIgniter\CodeIgniter->handleRequest(null, Object(Config\Cache), false)
 8 FCPATH\index.php(66): CodeIgniter\CodeIgniter->run()
CRITICAL - 2022-12-23 09:10:55 --> Invalid file: home.php
in SYSTEMPATH\Exceptions\FrameworkException.php on line 33.
 1 SYSTEMPATH\View\View.php(201): CodeIgniter\Exceptions\FrameworkException::forInvalidFile('home.php')
 2 APPPATH\Libraries\Template.php(19): CodeIgniter\View\View->render('home')
 3 APPPATH\Controllers\BackendController.php(24): App\Libraries\Template->render('home', [...])
 4 APPPATH\Controllers\Backend\Home.php(8): App\Controllers\BackendController->render('home')
 5 SYSTEMPATH\CodeIgniter.php(925): App\Controllers\Backend\Home->index()
 6 SYSTEMPATH\CodeIgniter.php(480): CodeIgniter\CodeIgniter->runController(Object(App\Controllers\Backend\Home))
 7 SYSTEMPATH\CodeIgniter.php(349): CodeIgniter\CodeIgniter->handleRequest(null, Object(Config\Cache), false)
 8 FCPATH\index.php(66): CodeIgniter\CodeIgniter->run()
CRITICAL - 2022-12-23 09:15:02 --> syntax error, unexpected ',', expecting function (T_FUNCTION) or const (T_CONST)
in APPPATH\Libraries\Template.php on line 20.
 1 SYSTEMPATH\Autoloader\Autoloader.php(260): CodeIgniter\Autoloader\Autoloader->includeFile('APPPATH\\Libraries\\Template.php')
 2 SYSTEMPATH\Autoloader\Autoloader.php(238): CodeIgniter\Autoloader\Autoloader->loadInNamespace('App\\Libraries\\Template')
 3 [internal function]: CodeIgniter\Autoloader\Autoloader->loadClass('App\\Libraries\\Template')
 4 APPPATH\Controllers\BaseController.php(48): spl_autoload_call('App\\Libraries\\Template')
 5 SYSTEMPATH\CodeIgniter.php(888): App\Controllers\BaseController->initController(Object(CodeIgniter\HTTP\IncomingRequest), Object(CodeIgniter\HTTP\Response), Object(CodeIgniter\Log\Logger))
 6 SYSTEMPATH\CodeIgniter.php(471): CodeIgniter\CodeIgniter->createController()
 7 SYSTEMPATH\CodeIgniter.php(349): CodeIgniter\CodeIgniter->handleRequest(null, Object(Config\Cache), false)
 8 FCPATH\index.php(66): CodeIgniter\CodeIgniter->run()
CRITICAL - 2022-12-23 09:15:10 --> Invalid file: home.php
in SYSTEMPATH\Exceptions\FrameworkException.php on line 33.
 1 SYSTEMPATH\View\View.php(201): CodeIgniter\Exceptions\FrameworkException::forInvalidFile('home.php')
 2 APPPATH\Libraries\Template.php(19): CodeIgniter\View\View->render('home')
 3 APPPATH\Controllers\BackendController.php(24): App\Libraries\Template->render('home', [...], 'FCPATH\\theme\\backend')
 4 APPPATH\Controllers\Backend\Home.php(8): App\Controllers\BackendController->render('home')
 5 SYSTEMPATH\CodeIgniter.php(925): App\Controllers\Backend\Home->index()
 6 SYSTEMPATH\CodeIgniter.php(480): CodeIgniter\CodeIgniter->runController(Object(App\Controllers\Backend\Home))
 7 SYSTEMPATH\CodeIgniter.php(349): CodeIgniter\CodeIgniter->handleRequest(null, Object(Config\Cache), false)
 8 FCPATH\index.php(66): CodeIgniter\CodeIgniter->run()
CRITICAL - 2022-12-23 09:15:20 --> Invalid file: home.php
in SYSTEMPATH\Exceptions\FrameworkException.php on line 33.
 1 SYSTEMPATH\View\View.php(201): CodeIgniter\Exceptions\FrameworkException::forInvalidFile('home.php')
 2 APPPATH\Libraries\Template.php(19): CodeIgniter\View\View->render('home')
 3 APPPATH\Controllers\BackendController.php(24): App\Libraries\Template->render('home', [...], 'FCPATH\\theme\\backend')
 4 APPPATH\Controllers\Backend\Home.php(8): App\Controllers\BackendController->render('home')
 5 SYSTEMPATH\CodeIgniter.php(925): App\Controllers\Backend\Home->index()
 6 SYSTEMPATH\CodeIgniter.php(480): CodeIgniter\CodeIgniter->runController(Object(App\Controllers\Backend\Home))
 7 SYSTEMPATH\CodeIgniter.php(349): CodeIgniter\CodeIgniter->handleRequest(null, Object(Config\Cache), false)
 8 FCPATH\index.php(66): CodeIgniter\CodeIgniter->run()
CRITICAL - 2022-12-23 09:15:23 --> Invalid file: home.php
in SYSTEMPATH\Exceptions\FrameworkException.php on line 33.
 1 SYSTEMPATH\View\View.php(201): CodeIgniter\Exceptions\FrameworkException::forInvalidFile('home.php')
 2 APPPATH\Libraries\Template.php(19): CodeIgniter\View\View->render('home')
 3 APPPATH\Controllers\BackendController.php(24): App\Libraries\Template->render('home', [...], 'FCPATH\\theme\\backend')
 4 APPPATH\Controllers\Backend\Home.php(8): App\Controllers\BackendController->render('home')
 5 SYSTEMPATH\CodeIgniter.php(925): App\Controllers\Backend\Home->index()
 6 SYSTEMPATH\CodeIgniter.php(480): CodeIgniter\CodeIgniter->runController(Object(App\Controllers\Backend\Home))
 7 SYSTEMPATH\CodeIgniter.php(349): CodeIgniter\CodeIgniter->handleRequest(null, Object(Config\Cache), false)
 8 FCPATH\index.php(66): CodeIgniter\CodeIgniter->run()
CRITICAL - 2022-12-23 09:20:12 --> Invalid file: modern/welcome.php
in SYSTEMPATH\Exceptions\FrameworkException.php on line 33.
 1 SYSTEMPATH\View\View.php(201): CodeIgniter\Exceptions\FrameworkException::forInvalidFile('modern/welcome.php')
 2 APPPATH\Libraries\Template.php(19): CodeIgniter\View\View->render('modern/welcome')
 3 APPPATH\Controllers\FrontEndController.php(29): App\Libraries\Template->render('modern/welcome', [...], 'FCPATH\\theme\\frontend')
 4 APPPATH\Controllers\Home.php(9): App\Controllers\FrontEndController->render('welcome', [...])
 5 SYSTEMPATH\CodeIgniter.php(925): App\Controllers\Home->index()
 6 SYSTEMPATH\CodeIgniter.php(480): CodeIgniter\CodeIgniter->runController(Object(App\Controllers\Home))
 7 SYSTEMPATH\CodeIgniter.php(349): CodeIgniter\CodeIgniter->handleRequest(null, Object(Config\Cache), false)
 8 FCPATH\index.php(66): CodeIgniter\CodeIgniter->run()
CRITICAL - 2022-12-23 09:24:06 --> Invalid file: part.php
in SYSTEMPATH\Exceptions\FrameworkException.php on line 33.
 1 SYSTEMPATH\View\View.php(200): CodeIgniter\Exceptions\FrameworkException::forInvalidFile('part.php')
 2 SYSTEMPATH\View\View.php(430): CodeIgniter\View\View->render('part', null, true)
 3 FCPATH\theme\backend\home.php(269): CodeIgniter\View\View->include('part')
 4 SYSTEMPATH\View\View.php(212): include('FCPATH\\theme\\backend\\home.php')
 5 SYSTEMPATH\View\View.php(215): CodeIgniter\View\View->CodeIgniter\View\{closure}()
 6 APPPATH\Libraries\Template.php(19): CodeIgniter\View\View->render('home')
 7 APPPATH\Controllers\BackendController.php(24): App\Libraries\Template->render('home', [...], 'FCPATH\\theme\\backend')
 8 APPPATH\Controllers\Backend\Home.php(8): App\Controllers\BackendController->render('home')
 9 SYSTEMPATH\CodeIgniter.php(925): App\Controllers\Backend\Home->index()
10 SYSTEMPATH\CodeIgniter.php(480): CodeIgniter\CodeIgniter->runController(Object(App\Controllers\Backend\Home))
11 SYSTEMPATH\CodeIgniter.php(349): CodeIgniter\CodeIgniter->handleRequest(null, Object(Config\Cache), false)
12 FCPATH\index.php(66): CodeIgniter\CodeIgniter->run()
CRITICAL - 2022-12-23 09:24:47 --> Invalid file: part.php
in SYSTEMPATH\Exceptions\FrameworkException.php on line 33.
 1 SYSTEMPATH\View\View.php(200): CodeIgniter\Exceptions\FrameworkException::forInvalidFile('part.php')
 2 SYSTEMPATH\View\View.php(431): CodeIgniter\View\View->render('part', null, true)
 3 FCPATH\theme\backend\home.php(269): CodeIgniter\View\View->include('part')
 4 SYSTEMPATH\View\View.php(212): include('FCPATH\\theme\\backend\\home.php')
 5 SYSTEMPATH\View\View.php(215): CodeIgniter\View\View->CodeIgniter\View\{closure}()
 6 APPPATH\Libraries\Template.php(19): CodeIgniter\View\View->render('home')
 7 APPPATH\Controllers\BackendController.php(24): App\Libraries\Template->render('home', [...], 'FCPATH\\theme\\backend')
 8 APPPATH\Controllers\Backend\Home.php(8): App\Controllers\BackendController->render('home')
 9 SYSTEMPATH\CodeIgniter.php(925): App\Controllers\Backend\Home->index()
10 SYSTEMPATH\CodeIgniter.php(480): CodeIgniter\CodeIgniter->runController(Object(App\Controllers\Backend\Home))
11 SYSTEMPATH\CodeIgniter.php(349): CodeIgniter\CodeIgniter->handleRequest(null, Object(Config\Cache), false)
12 FCPATH\index.php(66): CodeIgniter\CodeIgniter->run()
CRITICAL - 2022-12-23 09:25:39 --> Invalid file: part.php
in SYSTEMPATH\Exceptions\FrameworkException.php on line 33.
 1 SYSTEMPATH\View\View.php(201): CodeIgniter\Exceptions\FrameworkException::forInvalidFile('part.php')
 2 SYSTEMPATH\View\View.php(431): CodeIgniter\View\View->render('part', null, true)
 3 FCPATH\theme\backend\home.php(269): CodeIgniter\View\View->include('part')
 4 SYSTEMPATH\View\View.php(213): include('FCPATH\\theme\\backend\\home.php')
 5 SYSTEMPATH\View\View.php(216): CodeIgniter\View\View->CodeIgniter\View\{closure}()
 6 APPPATH\Libraries\Template.php(19): CodeIgniter\View\View->render('home')
 7 APPPATH\Controllers\BackendController.php(24): App\Libraries\Template->render('home', [...], 'FCPATH\\theme\\backend')
 8 APPPATH\Controllers\Backend\Home.php(8): App\Controllers\BackendController->render('home')
 9 SYSTEMPATH\CodeIgniter.php(925): App\Controllers\Backend\Home->index()
10 SYSTEMPATH\CodeIgniter.php(480): CodeIgniter\CodeIgniter->runController(Object(App\Controllers\Backend\Home))
11 SYSTEMPATH\CodeIgniter.php(349): CodeIgniter\CodeIgniter->handleRequest(null, Object(Config\Cache), false)
12 FCPATH\index.php(66): CodeIgniter\CodeIgniter->run()
CRITICAL - 2022-12-23 09:35:14 --> Invalid file: layout/layout.php
in SYSTEMPATH\Exceptions\FrameworkException.php on line 33.
 1 SYSTEMPATH\View\View.php(201): CodeIgniter\Exceptions\FrameworkException::forInvalidFile('layout/layout.php')
 2 SYSTEMPATH\View\View.php(229): CodeIgniter\View\View->render('layout/layout', null, true)
 3 APPPATH\Libraries\Template.php(19): CodeIgniter\View\View->render('home')
 4 APPPATH\Controllers\BackendController.php(24): App\Libraries\Template->render('home', [...], 'FCPATH\\theme\\backend')
 5 APPPATH\Controllers\Backend\Home.php(8): App\Controllers\BackendController->render('home')
 6 SYSTEMPATH\CodeIgniter.php(925): App\Controllers\Backend\Home->index()
 7 SYSTEMPATH\CodeIgniter.php(480): CodeIgniter\CodeIgniter->runController(Object(App\Controllers\Backend\Home))
 8 SYSTEMPATH\CodeIgniter.php(349): CodeIgniter\CodeIgniter->handleRequest(null, Object(Config\Cache), false)
 9 FCPATH\index.php(66): CodeIgniter\CodeIgniter->run()
CRITICAL - 2022-12-23 09:40:07 --> Invalid file: _partial/footer.php
in SYSTEMPATH\Exceptions\FrameworkException.php on line 33.
 1 SYSTEMPATH\View\View.php(201): CodeIgniter\Exceptions\FrameworkException::forInvalidFile('_partial/footer.php')
 2 SYSTEMPATH\View\View.php(431): CodeIgniter\View\View->render('_partial/footer', null, true)
 3 FCPATH\theme\backend\layout\app.php(41): CodeIgniter\View\View->include('_partial/footer')
 4 SYSTEMPATH\View\View.php(213): include('FCPATH\\theme\\backend\\layout\\app.php')
 5 SYSTEMPATH\View\View.php(216): CodeIgniter\View\View->CodeIgniter\View\{closure}()
 6 SYSTEMPATH\View\View.php(229): CodeIgniter\View\View->render('layout/app', null, true)
 7 APPPATH\Libraries\Template.php(19): CodeIgniter\View\View->render('home')
 8 APPPATH\Controllers\BackendController.php(24): App\Libraries\Template->render('home', [...], 'FCPATH\\theme\\backend')
 9 APPPATH\Controllers\Backend\Home.php(8): App\Controllers\BackendController->render('home')
10 SYSTEMPATH\CodeIgniter.php(925): App\Controllers\Backend\Home->index()
11 SYSTEMPATH\CodeIgniter.php(480): CodeIgniter\CodeIgniter->runController(Object(App\Controllers\Backend\Home))
12 SYSTEMPATH\CodeIgniter.php(349): CodeIgniter\CodeIgniter->handleRequest(null, Object(Config\Cache), false)
13 FCPATH\index.php(66): CodeIgniter\CodeIgniter->run()
CRITICAL - 2022-12-23 09:41:48 --> Invalid file: _partial/quick_menu.php
in SYSTEMPATH\Exceptions\FrameworkException.php on line 33.
 1 SYSTEMPATH\View\View.php(201): CodeIgniter\Exceptions\FrameworkException::forInvalidFile('_partial/quick_menu.php')
 2 SYSTEMPATH\View\View.php(431): CodeIgniter\View\View->render('_partial/quick_menu', null, true)
 3 FCPATH\theme\backend\layout\app.php(46): CodeIgniter\View\View->include('_partial/quick_menu')
 4 SYSTEMPATH\View\View.php(213): include('FCPATH\\theme\\backend\\layout\\app.php')
 5 SYSTEMPATH\View\View.php(216): CodeIgniter\View\View->CodeIgniter\View\{closure}()
 6 SYSTEMPATH\View\View.php(229): CodeIgniter\View\View->render('layout/app', null, true)
 7 APPPATH\Libraries\Template.php(19): CodeIgniter\View\View->render('home')
 8 APPPATH\Controllers\BackendController.php(24): App\Libraries\Template->render('home', [...], 'FCPATH\\theme\\backend')
 9 APPPATH\Controllers\Backend\Home.php(8): App\Controllers\BackendController->render('home')
10 SYSTEMPATH\CodeIgniter.php(925): App\Controllers\Backend\Home->index()
11 SYSTEMPATH\CodeIgniter.php(480): CodeIgniter\CodeIgniter->runController(Object(App\Controllers\Backend\Home))
12 SYSTEMPATH\CodeIgniter.php(349): CodeIgniter\CodeIgniter->handleRequest(null, Object(Config\Cache), false)
13 FCPATH\index.php(66): CodeIgniter\CodeIgniter->run()
CRITICAL - 2022-12-23 09:41:49 --> Invalid file: _partial/quick_menu.php
in SYSTEMPATH\Exceptions\FrameworkException.php on line 33.
 1 SYSTEMPATH\View\View.php(201): CodeIgniter\Exceptions\FrameworkException::forInvalidFile('_partial/quick_menu.php')
 2 SYSTEMPATH\View\View.php(431): CodeIgniter\View\View->render('_partial/quick_menu', null, true)
 3 FCPATH\theme\backend\layout\app.php(46): CodeIgniter\View\View->include('_partial/quick_menu')
 4 SYSTEMPATH\View\View.php(213): include('FCPATH\\theme\\backend\\layout\\app.php')
 5 SYSTEMPATH\View\View.php(216): CodeIgniter\View\View->CodeIgniter\View\{closure}()
 6 SYSTEMPATH\View\View.php(229): CodeIgniter\View\View->render('layout/app', null, true)
 7 APPPATH\Libraries\Template.php(19): CodeIgniter\View\View->render('home')
 8 APPPATH\Controllers\BackendController.php(24): App\Libraries\Template->render('home', [...], 'FCPATH\\theme\\backend')
 9 APPPATH\Controllers\Backend\Home.php(8): App\Controllers\BackendController->render('home')
10 SYSTEMPATH\CodeIgniter.php(925): App\Controllers\Backend\Home->index()
11 SYSTEMPATH\CodeIgniter.php(480): CodeIgniter\CodeIgniter->runController(Object(App\Controllers\Backend\Home))
12 SYSTEMPATH\CodeIgniter.php(349): CodeIgniter\CodeIgniter->handleRequest(null, Object(Config\Cache), false)
13 FCPATH\index.php(66): CodeIgniter\CodeIgniter->run()
CRITICAL - 2022-12-23 09:46:06 --> Invalid file: index.php
in SYSTEMPATH\Exceptions\FrameworkException.php on line 33.
 1 SYSTEMPATH\View\View.php(201): CodeIgniter\Exceptions\FrameworkException::forInvalidFile('FCPATH\\index.php')
 2 APPPATH\Libraries\Template.php(19): CodeIgniter\View\View->render('index')
 3 APPPATH\Controllers\FrontEndController.php(31): App\Libraries\Template->render('index', [...], 'FCPATH\\theme\\frontend\\modern')
 4 APPPATH\Controllers\Home.php(9): App\Controllers\FrontEndController->render('index', [...])
 5 SYSTEMPATH\CodeIgniter.php(925): App\Controllers\Home->index()
 6 SYSTEMPATH\CodeIgniter.php(480): CodeIgniter\CodeIgniter->runController(Object(App\Controllers\Home))
 7 SYSTEMPATH\CodeIgniter.php(349): CodeIgniter\CodeIgniter->handleRequest(null, Object(Config\Cache), false)
 8 FCPATH\index.php(66): CodeIgniter\CodeIgniter->run()
CRITICAL - 2022-12-23 09:46:52 --> Invalid file: index.php
in SYSTEMPATH\Exceptions\FrameworkException.php on line 33.
 1 SYSTEMPATH\View\View.php(201): CodeIgniter\Exceptions\FrameworkException::forInvalidFile('FCPATH\\index.php')
 2 APPPATH\Libraries\Template.php(19): CodeIgniter\View\View->render('index')
 3 APPPATH\Controllers\FrontEndController.php(31): App\Libraries\Template->render('index', [...], 'FCPATH\\theme\\frontend\\modern')
 4 APPPATH\Controllers\Home.php(9): App\Controllers\FrontEndController->render('index', [...])
 5 SYSTEMPATH\CodeIgniter.php(925): App\Controllers\Home->index()
 6 SYSTEMPATH\CodeIgniter.php(480): CodeIgniter\CodeIgniter->runController(Object(App\Controllers\Home))
 7 SYSTEMPATH\CodeIgniter.php(349): CodeIgniter\CodeIgniter->handleRequest(null, Object(Config\Cache), false)
 8 FCPATH\index.php(66): CodeIgniter\CodeIgniter->run()
CRITICAL - 2022-12-23 09:48:45 --> require(E:\htdocs\project\brycms\routes\front.php): failed to open stream: No such file or directory
in APPPATH\Config\Routes.php on line 40.
 1 APPPATH\Config\Routes.php(40): CodeIgniter\Debug\Exceptions->errorHandler(2, 'require(E:\\htdocs\\project\\brycms\\routes\\front.php): failed to open stream: No such file or directory', 'APPPATH\\Config\\Routes.php', 40, [...])
 2 APPPATH\Config\Routes.php(40): require()
 3 SYSTEMPATH\CodeIgniter.php(787): require('APPPATH\\Config\\Routes.php')
 4 SYSTEMPATH\CodeIgniter.php(428): CodeIgniter\CodeIgniter->tryToRouteIt(Object(CodeIgniter\Router\RouteCollection))
 5 SYSTEMPATH\CodeIgniter.php(349): CodeIgniter\CodeIgniter->handleRequest(null, Object(Config\Cache), false)
 6 FCPATH\index.php(66): CodeIgniter\CodeIgniter->run()
CRITICAL - 2022-12-23 09:58:40 --> Invalid file: account.php
in SYSTEMPATH\Exceptions\FrameworkException.php on line 33.
 1 SYSTEMPATH\View\View.php(200): CodeIgniter\Exceptions\FrameworkException::forInvalidFile('account.php')
 2 APPPATH\Libraries\Template.php(19): CodeIgniter\View\View->render('account')
 3 APPPATH\Controllers\BackendController.php(24): App\Libraries\Template->render('account', [...], 'FCPATH\\theme\\backend')
 4 APPPATH\Controllers\Backend\Account.php(7): App\Controllers\BackendController->render('account', [...])
 5 SYSTEMPATH\CodeIgniter.php(925): App\Controllers\Backend\Account->index()
 6 SYSTEMPATH\CodeIgniter.php(480): CodeIgniter\CodeIgniter->runController(Object(App\Controllers\Backend\Account))
 7 SYSTEMPATH\CodeIgniter.php(349): CodeIgniter\CodeIgniter->handleRequest(null, Object(Config\Cache), false)
 8 FCPATH\index.php(66): CodeIgniter\CodeIgniter->run()
CRITICAL - 2022-12-23 21:07:08 --> Undefined variable: title
in FCPATH\theme\frontend\modern\_layout\app.php on line 12.
 1 FCPATH\theme\frontend\modern\_layout\app.php(12): CodeIgniter\Debug\Exceptions->errorHandler(8, 'Undefined variable: title', 'FCPATH\\theme\\frontend\\modern\\_layout\\app.php', 12, [...])
 2 SYSTEMPATH\View\View.php(212): include('FCPATH\\theme\\frontend\\modern\\_layout\\app.php')
 3 SYSTEMPATH\View\View.php(215): CodeIgniter\View\View->CodeIgniter\View\{closure}()
 4 SYSTEMPATH\View\View.php(228): CodeIgniter\View\View->render('_layout/app', null, true)
 5 APPPATH\Libraries\Template.php(19): CodeIgniter\View\View->render('index')
 6 APPPATH\Controllers\FrontEndController.php(31): App\Libraries\Template->render('index', [...], 'FCPATH\\theme\\frontend\\modern')
 7 APPPATH\Controllers\Web.php(12): App\Controllers\FrontEndController->render('index', [...])
 8 SYSTEMPATH\CodeIgniter.php(925): App\Controllers\Web->index()
 9 SYSTEMPATH\CodeIgniter.php(480): CodeIgniter\CodeIgniter->runController(Object(App\Controllers\Web))
10 SYSTEMPATH\CodeIgniter.php(349): CodeIgniter\CodeIgniter->handleRequest(null, Object(Config\Cache), false)
11 FCPATH\index.php(66): CodeIgniter\CodeIgniter->run()
CRITICAL - 2022-12-23 21:15:11 --> Class 'lala' not found
in SYSTEMPATH\CodeIgniter.php on line 887.
 1 SYSTEMPATH\CodeIgniter.php(954): CodeIgniter\CodeIgniter->createController()
 2 SYSTEMPATH\CodeIgniter.php(368): CodeIgniter\CodeIgniter->display404errors(Object(CodeIgniter\Exceptions\PageNotFoundException))
 3 FCPATH\index.php(66): CodeIgniter\CodeIgniter->run()
CRITICAL - 2022-12-23 21:15:12 --> Class 'lala' not found
in SYSTEMPATH\CodeIgniter.php on line 887.
 1 SYSTEMPATH\CodeIgniter.php(954): CodeIgniter\CodeIgniter->createController()
 2 SYSTEMPATH\CodeIgniter.php(368): CodeIgniter\CodeIgniter->display404errors(Object(CodeIgniter\Exceptions\PageNotFoundException))
 3 FCPATH\index.php(66): CodeIgniter\CodeIgniter->run()
CRITICAL - 2022-12-23 21:15:12 --> Class 'lala' not found
in SYSTEMPATH\CodeIgniter.php on line 887.
 1 SYSTEMPATH\CodeIgniter.php(954): CodeIgniter\CodeIgniter->createController()
 2 SYSTEMPATH\CodeIgniter.php(368): CodeIgniter\CodeIgniter->display404errors(Object(CodeIgniter\Exceptions\PageNotFoundException))
 3 FCPATH\index.php(66): CodeIgniter\CodeIgniter->run()
CRITICAL - 2022-12-23 21:15:14 --> Class 'lala' not found
in SYSTEMPATH\CodeIgniter.php on line 887.
 1 SYSTEMPATH\CodeIgniter.php(954): CodeIgniter\CodeIgniter->createController()
 2 SYSTEMPATH\CodeIgniter.php(368): CodeIgniter\CodeIgniter->display404errors(Object(CodeIgniter\Exceptions\PageNotFoundException))
 3 FCPATH\index.php(66): CodeIgniter\CodeIgniter->run()
CRITICAL - 2022-12-23 21:15:47 --> Class 'Backend\PageNotFound' not found
in SYSTEMPATH\CodeIgniter.php on line 887.
 1 SYSTEMPATH\CodeIgniter.php(954): CodeIgniter\CodeIgniter->createController()
 2 SYSTEMPATH\CodeIgniter.php(368): CodeIgniter\CodeIgniter->display404errors(Object(CodeIgniter\Exceptions\PageNotFoundException))
 3 FCPATH\index.php(66): CodeIgniter\CodeIgniter->run()
CRITICAL - 2022-12-23 21:17:47 --> Class 'Backend\PageNotFound' not found
in SYSTEMPATH\CodeIgniter.php on line 887.
 1 SYSTEMPATH\CodeIgniter.php(954): CodeIgniter\CodeIgniter->createController()
 2 SYSTEMPATH\CodeIgniter.php(368): CodeIgniter\CodeIgniter->display404errors(Object(CodeIgniter\Exceptions\PageNotFoundException))
 3 FCPATH\index.php(66): CodeIgniter\CodeIgniter->run()
CRITICAL - 2022-12-23 21:17:59 --> Class 'App\Controllers\PageNotFound' not found
in SYSTEMPATH\CodeIgniter.php on line 887.
 1 SYSTEMPATH\CodeIgniter.php(954): CodeIgniter\CodeIgniter->createController()
 2 SYSTEMPATH\CodeIgniter.php(368): CodeIgniter\CodeIgniter->display404errors(Object(CodeIgniter\Exceptions\PageNotFoundException))
 3 FCPATH\index.php(66): CodeIgniter\CodeIgniter->run()
CRITICAL - 2022-12-23 21:19:22 --> Class 'App\Controllers\PageNotFound' not found
in SYSTEMPATH\CodeIgniter.php on line 887.
 1 SYSTEMPATH\CodeIgniter.php(954): CodeIgniter\CodeIgniter->createController()
 2 SYSTEMPATH\CodeIgniter.php(368): CodeIgniter\CodeIgniter->display404errors(Object(CodeIgniter\Exceptions\PageNotFoundException))
 3 FCPATH\index.php(66): CodeIgniter\CodeIgniter->run()
CRITICAL - 2022-12-23 21:19:23 --> Class 'App\Controllers\PageNotFound' not found
in SYSTEMPATH\CodeIgniter.php on line 887.
 1 SYSTEMPATH\CodeIgniter.php(954): CodeIgniter\CodeIgniter->createController()
 2 SYSTEMPATH\CodeIgniter.php(368): CodeIgniter\CodeIgniter->display404errors(Object(CodeIgniter\Exceptions\PageNotFoundException))
 3 FCPATH\index.php(66): CodeIgniter\CodeIgniter->run()
CRITICAL - 2022-12-23 21:19:53 --> Class 'App\Controllers\Backend\PageNotFound' not found
in SYSTEMPATH\CodeIgniter.php on line 887.
 1 SYSTEMPATH\CodeIgniter.php(954): CodeIgniter\CodeIgniter->createController()
 2 SYSTEMPATH\CodeIgniter.php(368): CodeIgniter\CodeIgniter->display404errors(Object(CodeIgniter\Exceptions\PageNotFoundException))
 3 FCPATH\index.php(66): CodeIgniter\CodeIgniter->run()
CRITICAL - 2022-12-23 21:20:25 --> syntax error, unexpected 'return' (T_RETURN)
in FCPATH\routes\backend.php on line 16.
 1 SYSTEMPATH\CodeIgniter.php(787): require()
 2 SYSTEMPATH\CodeIgniter.php(428): CodeIgniter\CodeIgniter->tryToRouteIt(Object(CodeIgniter\Router\RouteCollection))
 3 SYSTEMPATH\CodeIgniter.php(349): CodeIgniter\CodeIgniter->handleRequest(null, Object(Config\Cache), false)
 4 FCPATH\index.php(66): CodeIgniter\CodeIgniter->run()
CRITICAL - 2022-12-23 21:20:54 --> Invalid file: 404.php
in SYSTEMPATH\Exceptions\FrameworkException.php on line 33.
 1 SYSTEMPATH\View\View.php(200): CodeIgniter\Exceptions\FrameworkException::forInvalidFile('404.php')
 2 SYSTEMPATH\Common.php(1135): CodeIgniter\View\View->render('404', [], true)
 3 FCPATH\routes\backend.php(16): view('404')
 4 SYSTEMPATH\CodeIgniter.php(946): CodeIgniter\CodeIgniter->{closure}('Can\'t find a route for \'get: adminweb/akun/setting34234\'.')
 5 SYSTEMPATH\CodeIgniter.php(368): CodeIgniter\CodeIgniter->display404errors(Object(CodeIgniter\Exceptions\PageNotFoundException))
 6 FCPATH\index.php(66): CodeIgniter\CodeIgniter->run()
